7/9/2020 10:38:01 AM ## ----------admin log in ----------
7/9/2020 10:38:48 AM ## update Food: Name: Cà phê đá -> Cam, Category ID: 1 -> 3, Price: 10000 -> 10000
7/9/2020 10:38:58 AM ## delete Food: Mì cay
7/9/2020 10:51:44 AM ## ----------admin log in ----------
7/9/2020 10:51:50 AM ## ----------admin log out ----------
7/9/2020 11:02:51 AM ## ----------admin log in ----------
7/9/2020 11:02:57 AM ## ----------admin log out ----------
7/9/2020 11:06:21 AM ## ----------admin log in ----------
7/9/2020 11:06:53 AM ## check new Bill, ID = 8, Total price = 15000
7/9/2020 11:07:25 AM ## ----------admin log out ----------
7/9/2020 11:08:04 AM ## ----------admin log in ----------
7/9/2020 11:08:09 AM ## ----------admin log out ----------
7/9/2020 11:08:16 AM ## ----------staff log in ----------
7/9/2020 11:08:19 AM ## ----------staff log out ----------
7/9/2020 11:09:44 AM ## ----------admin log in ----------
7/9/2020 11:10:14 AM ## check new Bill, ID = 9, Total price = 540000
7/9/2020 11:10:28 AM ## ----------admin log out ----------
7/9/2020 11:14:53 AM ## ----------admin log in ----------
7/9/2020 11:15:24 AM ## check new Bill, ID = 10, Total price = 70000
7/9/2020 11:16:10 AM ## ----------admin log out ----------
7/9/2020 11:17:12 AM ## ----------admin log in ----------
7/9/2020 11:17:28 AM ## check new Bill, ID = 11, Total price = 30000
7/9/2020 11:17:46 AM ## check new Bill, ID = 12, Total price = 45000
7/9/2020 11:18:20 AM ## ----------admin log out ----------
7/9/2020 11:26:32 AM ## ----------admin log in ----------
7/9/2020 11:27:40 AM ## check new Bill, ID = 13, Total price = 50000
7/9/2020 11:32:49 AM ## ----------admin log out ----------
7/9/2020 11:35:26 AM ## ----------admin log in ----------
7/9/2020 11:39:42 AM ## ----------admin log in ----------
7/9/2020 11:41:35 AM ## merge Bàn 1 to Bàn 2
7/9/2020 11:42:24 AM ## ----------admin log in ----------
7/9/2020 11:43:10 AM ## check new Bill, ID = 14, Total price = 69000
7/9/2020 11:43:36 AM ## merge Bàn 1 to Bàn 2
7/9/2020 11:48:17 AM ## ----------admin log out ----------
7/9/2020 11:48:52 AM ## ----------staff log in ----------
7/9/2020 11:49:55 AM ## ----------staff log out ----------
7/9/2020 2:35:06 PM ## ----------admin log in ----------
7/9/2020 2:37:09 PM ## merge Bàn 1 to Bàn 2
7/9/2020 2:37:19 PM ## check new Bill, ID = 15, Total price = 70000
7/9/2020 2:39:46 PM ## ----------admin log in ----------
7/9/2020 2:52:00 PM ## ----------admin log in ----------
7/9/2020 2:52:09 PM ## ----------admin log out ----------
7/9/2020 2:56:06 PM ## ----------admin log in ----------
7/9/2020 2:57:49 PM ## merge Bàn 1 to Bàn 2
